android/app/build/intermediates/manifest_merge_blame_file/release/manifest-merger-blame-release-report.txt
1<?xml version="1.0" encoding="utf-8"?>
2<manifest xmlns:android="http://schemas.android.com/apk/res/android"
3    package="com.dada_biryani"
4    android:versionCode="1"
5    android:versionName="1.0" >
6
7    <uses-sdk
8        android:minSdkVersion="21"
8-->src\main\AndroidManifest.xml
9        android:targetSdkVersion="33" />
9-->src\main\AndroidManifest.xml
10
11    <uses-feature
11-->src\main\AndroidManifest.xml:3:5-5:35
12        android:name="android.hardware.camera"
12-->src\main\AndroidManifest.xml:4:9-47
13        android:required="true" />
13-->src\main\AndroidManifest.xml:5:9-32
14
15    <uses-permission android:name="android.permission.INTERNET" />
15-->src\main\AndroidManifest.xml:7:5-67
15-->src\main\AndroidManifest.xml:7:22-64
16    <uses-permission android:name="android.permission.CAMERA" />
16-->src\main\AndroidManifest.xml:8:5-64
16-->src\main\AndroidManifest.xml:8:22-62
17    <uses-permission android:name="android.permission.WRITE_EXTERNAL_STORAGE" />
17-->src\main\AndroidManifest.xml:9:5-81
17-->src\main\AndroidManifest.xml:9:22-78
18    <uses-permission android:name="android.permission.READ_EXTERNAL_STORAGE" />
18-->src\main\AndroidManifest.xml:10:5-80
18-->src\main\AndroidManifest.xml:10:22-77
19    <uses-permission android:name="android.permission.WAKE_LOCK" />
19-->[:react-native-firebase_storage] AndroidManifest.xml:8:5-68
19-->[:react-native-firebase_storage] AndroidManifest.xml:8:22-65
20    <uses-permission android:name="android.permission.ACCESS_NETWORK_STATE" />
20-->[:react-native-firebase_storage] AndroidManifest.xml:9:5-79
20-->[:react-native-firebase_storage] AndroidManifest.xml:9:22-76
21
22    <queries>
22-->[com.razorpay:checkout:1.6.36] AndroidManifest.xml:10:5-39:15
23        <intent>
23-->[com.razorpay:checkout:1.6.36] AndroidManifest.xml:11:9-17:18
24            <action android:name="android.intent.action.VIEW" />
24-->[com.razorpay:checkout:1.6.36] AndroidManifest.xml:12:13-65
24-->[com.razorpay:checkout:1.6.36] AndroidManifest.xml:12:21-62
25
26            <data
26-->[com.razorpay:checkout:1.6.36] AndroidManifest.xml:14:13-16:38
27                android:mimeType="*/*"
27-->[com.razorpay:checkout:1.6.36] AndroidManifest.xml:15:17-39
28                android:scheme="*" />
28-->[com.razorpay:checkout:1.6.36] AndroidManifest.xml:16:17-35
29        </intent>
30        <intent>
30-->[com.razorpay:checkout:1.6.36] AndroidManifest.xml:18:9-27:18
31            <action android:name="android.intent.action.VIEW" />
31-->[com.razorpay:checkout:1.6.36] AndroidManifest.xml:12:13-65
31-->[com.razorpay:checkout:1.6.36] AndroidManifest.xml:12:21-62
32
33            <category android:name="android.intent.category.BROWSABLE" />
33-->[com.razorpay:checkout:1.6.36] AndroidManifest.xml:21:13-74
33-->[com.razorpay:checkout:1.6.36] AndroidManifest.xml:21:23-71
34
35            <data
35-->[com.razorpay:checkout:1.6.36] AndroidManifest.xml:14:13-16:38
36                android:host="pay"
37                android:mimeType="*/*"
37-->[com.razorpay:checkout:1.6.36] AndroidManifest.xml:15:17-39
38                android:scheme="upi" />
38-->[com.razorpay:checkout:1.6.36] AndroidManifest.xml:16:17-35
39        </intent>
40        <intent>
40-->[com.razorpay:checkout:1.6.36] AndroidManifest.xml:28:9-30:18
41            <action android:name="android.intent.action.MAIN" />
41-->src\main\AndroidManifest.xml:28:13-65
41-->src\main\AndroidManifest.xml:28:21-62
42        </intent>
43        <intent>
43-->[com.razorpay:checkout:1.6.36] AndroidManifest.xml:31:9-35:18
44            <action android:name="android.intent.action.SEND" />
44-->[com.razorpay:checkout:1.6.36] AndroidManifest.xml:32:13-65
44-->[com.razorpay:checkout:1.6.36] AndroidManifest.xml:32:21-62
45
46            <data android:mimeType="*/*" />
46-->[com.razorpay:checkout:1.6.36] AndroidManifest.xml:14:13-16:38
46-->[com.razorpay:checkout:1.6.36] AndroidManifest.xml:15:17-39
47        </intent>
48        <intent>
48-->[com.razorpay:checkout:1.6.36] AndroidManifest.xml:36:9-38:18
49            <action android:name="rzp.device_token.share" />
49-->[com.razorpay:checkout:1.6.36] AndroidManifest.xml:37:13-61
49-->[com.razorpay:checkout:1.6.36] AndroidManifest.xml:37:21-58
50        </intent>
51    </queries>
52
53    <uses-feature
53-->[com.google.android.gms:play-services-maps:17.0.0] AndroidManifest.xml:26:5-28:35
54        android:glEsVersion="0x00020000"
54-->[com.google.android.gms:play-services-maps:17.0.0] AndroidManifest.xml:27:9-41
55        android:required="true" />
55-->[com.google.android.gms:play-services-maps:17.0.0] AndroidManifest.xml:28:9-32
56
57    <application
57-->src\main\AndroidManifest.xml:12:5-32:19
58        android:name="com.dada_biryani.MainApplication"
58-->src\main\AndroidManifest.xml:13:7-38
59        android:allowBackup="false"
59-->src\main\AndroidManifest.xml:17:7-34
60        android:appComponentFactory="androidx.core.app.CoreComponentFactory"
60-->[androidx.core:core:1.8.0] AndroidManifest.xml:24:18-86
61        android:icon="@mipmap/ic_launcher"
61-->src\main\AndroidManifest.xml:15:7-41
62        android:label="@string/app_name"
62-->src\main\AndroidManifest.xml:14:7-39
63        android:roundIcon="@mipmap/ic_launcher_round"
63-->src\main\AndroidManifest.xml:16:7-52
64        android:theme="@style/AppTheme" >
64-->src\main\AndroidManifest.xml:18:7-38
65        <activity
65-->src\main\AndroidManifest.xml:19:7-31:18
66            android:name="com.dada_biryani.MainActivity"
66-->src\main\AndroidManifest.xml:20:9-37
67            android:configChanges="keyboard|keyboardHidden|orientation|screenLayout|screenSize|smallestScreenSize|uiMode"
67-->src\main\AndroidManifest.xml:22:9-118
68            android:exported="true"
68-->src\main\AndroidManifest.xml:26:9-32
69            android:forceDarkAllowed="false"
69-->src\main\AndroidManifest.xml:25:9-43
70            android:label="@string/app_name"
70-->src\main\AndroidManifest.xml:21:9-41
71            android:launchMode="singleTask"
71-->src\main\AndroidManifest.xml:23:9-40
72            android:windowSoftInputMode="adjustResize" >
72-->src\main\AndroidManifest.xml:24:9-51
73            <intent-filter>
73-->src\main\AndroidManifest.xml:27:9-30:25
74                <action android:name="android.intent.action.MAIN" />
74-->src\main\AndroidManifest.xml:28:13-65
74-->src\main\AndroidManifest.xml:28:21-62
75
76                <category android:name="android.intent.category.LAUNCHER" />
76-->src\main\AndroidManifest.xml:29:13-73
76-->src\main\AndroidManifest.xml:29:23-70
77            </intent-filter>
78        </activity>
79
80        <meta-data
80-->[:react-native-firebase_app] AndroidManifest.xml:9:9-11:36
81            android:name="app_data_collection_default_enabled"
81-->[:react-native-firebase_app] AndroidManifest.xml:10:13-63
82            android:value="true" />
82-->[:react-native-firebase_app] AndroidManifest.xml:11:13-33
83
84        <service
84-->[:react-native-firebase_app] AndroidManifest.xml:13:9-21:19
85            android:name="com.google.firebase.components.ComponentDiscoveryService"
85-->[:react-native-firebase_app] AndroidManifest.xml:14:13-84
86            android:directBootAware="true"
86-->[:react-native-firebase_app] AndroidManifest.xml:15:13-43
87            android:exported="false" >
87-->[:react-native-firebase_app] AndroidManifest.xml:16:13-37
88            <meta-data
88-->[:react-native-firebase_app] AndroidManifest.xml:18:13-20:85
89                android:name="com.google.firebase.components:io.invertase.firebase.app.ReactNativeFirebaseAppRegistrar"
89-->[:react-native-firebase_app] AndroidManifest.xml:19:17-120
90                android:value="com.google.firebase.components.ComponentRegistrar" />
90-->[:react-native-firebase_app] AndroidManifest.xml:20:17-82
91            <meta-data
91-->[com.google.firebase:firebase-firestore:24.9.0] AndroidManifest.xml:17:13-19:85
92                android:name="com.google.firebase.components:com.google.firebase.firestore.FirebaseFirestoreKtxRegistrar"
92-->[com.google.firebase:firebase-firestore:24.9.0] AndroidManifest.xml:18:17-122
93                android:value="com.google.firebase.components.ComponentRegistrar" />
93-->[com.google.firebase:firebase-firestore:24.9.0] AndroidManifest.xml:19:17-82
94            <meta-data
94-->[com.google.firebase:firebase-firestore:24.9.0] AndroidManifest.xml:20:13-22:85
95                android:name="com.google.firebase.components:com.google.firebase.firestore.FirestoreRegistrar"
95-->[com.google.firebase:firebase-firestore:24.9.0] AndroidManifest.xml:21:17-111
96                android:value="com.google.firebase.components.ComponentRegistrar" />
96-->[com.google.firebase:firebase-firestore:24.9.0] AndroidManifest.xml:22:17-82
97            <meta-data
97-->[com.google.firebase:firebase-storage:20.3.0] AndroidManifest.xml:30:13-32:85
98                android:name="com.google.firebase.components:com.google.firebase.storage.FirebaseStorageKtxRegistrar"
98-->[com.google.firebase:firebase-storage:20.3.0] AndroidManifest.xml:31:17-118
99                android:value="com.google.firebase.components.ComponentRegistrar" />
99-->[com.google.firebase:firebase-storage:20.3.0] AndroidManifest.xml:32:17-82
100            <meta-data
100-->[com.google.firebase:firebase-storage:20.3.0] AndroidManifest.xml:33:13-35:85
101                android:name="com.google.firebase.components:com.google.firebase.storage.StorageRegistrar"
101-->[com.google.firebase:firebase-storage:20.3.0] AndroidManifest.xml:34:17-107
102                android:value="com.google.firebase.components.ComponentRegistrar" />
102-->[com.google.firebase:firebase-storage:20.3.0] AndroidManifest.xml:35:17-82
103            <meta-data
103-->[com.google.firebase:firebase-appcheck:17.1.0] AndroidManifest.xml:25:13-27:85
104                android:name="com.google.firebase.components:com.google.firebase.appcheck.FirebaseAppCheckKtxRegistrar"
104-->[com.google.firebase:firebase-appcheck:17.1.0] AndroidManifest.xml:26:17-120
105                android:value="com.google.firebase.components.ComponentRegistrar" />
105-->[com.google.firebase:firebase-appcheck:17.1.0] AndroidManifest.xml:27:17-82
106            <meta-data
106-->[com.google.firebase:firebase-appcheck:17.1.0] AndroidManifest.xml:28:13-30:85
107                android:name="com.google.firebase.components:com.google.firebase.appcheck.FirebaseAppCheckRegistrar"
107-->[com.google.firebase:firebase-appcheck:17.1.0] AndroidManifest.xml:29:17-117
108                android:value="com.google.firebase.components.ComponentRegistrar" />
108-->[com.google.firebase:firebase-appcheck:17.1.0] AndroidManifest.xml:30:17-82
109            <meta-data
109-->[com.google.firebase:firebase-common-ktx:20.4.2] AndroidManifest.xml:12:13-14:85
110                android:name="com.google.firebase.components:com.google.firebase.ktx.FirebaseCommonLegacyRegistrar"
110-->[com.google.firebase:firebase-common-ktx:20.4.2] AndroidManifest.xml:13:17-116
111                android:value="com.google.firebase.components.ComponentRegistrar" />
111-->[com.google.firebase:firebase-common-ktx:20.4.2] AndroidManifest.xml:14:17-82
112            <meta-data
112-->[com.google.firebase:firebase-common:20.4.2] AndroidManifest.xml:35:13-37:85
113                android:name="com.google.firebase.components:com.google.firebase.FirebaseCommonKtxRegistrar"
113-->[com.google.firebase:firebase-common:20.4.2] AndroidManifest.xml:36:17-109
114                android:value="com.google.firebase.components.ComponentRegistrar" />
114-->[com.google.firebase:firebase-common:20.4.2] AndroidManifest.xml:37:17-82
115        </service>
116
117        <provider
117-->[:react-native-firebase_app] AndroidManifest.xml:23:9-27:38
118            android:name="io.invertase.firebase.app.ReactNativeFirebaseAppInitProvider"
118-->[:react-native-firebase_app] AndroidManifest.xml:24:13-88
119            android:authorities="com.dada_biryani.reactnativefirebaseappinitprovider"
119-->[:react-native-firebase_app] AndroidManifest.xml:25:13-86
120            android:exported="false"
120-->[:react-native-firebase_app] AndroidManifest.xml:26:13-37
121            android:initOrder="99" />
121-->[:react-native-firebase_app] AndroidManifest.xml:27:13-35
122        <provider
122-->[:react-native-image-picker] AndroidManifest.xml:8:9-16:20
123            android:name="com.imagepicker.ImagePickerProvider"
123-->[:react-native-image-picker] AndroidManifest.xml:9:13-63
124            android:authorities="com.dada_biryani.imagepickerprovider"
124-->[:react-native-image-picker] AndroidManifest.xml:10:13-71
125            android:exported="false"
125-->[:react-native-image-picker] AndroidManifest.xml:11:13-37
126            android:grantUriPermissions="true" >
126-->[:react-native-image-picker] AndroidManifest.xml:12:13-47
127            <meta-data
127-->[:react-native-image-picker] AndroidManifest.xml:13:13-15:70
128                android:name="android.support.FILE_PROVIDER_PATHS"
128-->[:react-native-image-picker] AndroidManifest.xml:14:17-67
129                android:resource="@xml/imagepicker_provider_paths" />
129-->[:react-native-image-picker] AndroidManifest.xml:15:17-67
130        </provider>
131
132        <activity
132-->[:react-native-razorpay] AndroidManifest.xml:8:9-10:86
133            android:name="com.razorpay.CheckoutActivity"
133-->[:react-native-razorpay] AndroidManifest.xml:9:13-57
134            android:configChanges="keyboard|keyboardHidden|orientation|screenSize"
134-->[:react-native-razorpay] AndroidManifest.xml:10:13-83
135            android:exported="false"
135-->[com.razorpay:checkout:1.6.36] AndroidManifest.xml:54:13-37
136            android:theme="@style/CheckoutTheme" >
136-->[com.razorpay:checkout:1.6.36] AndroidManifest.xml:55:13-49
137            <intent-filter>
137-->[com.razorpay:checkout:1.6.36] AndroidManifest.xml:56:13-58:29
138                <action android:name="android.intent.action.MAIN" />
138-->src\main\AndroidManifest.xml:28:13-65
138-->src\main\AndroidManifest.xml:28:21-62
139            </intent-filter>
140        </activity>
141
142        <receiver
142-->[com.razorpay:checkout:1.6.36] AndroidManifest.xml:42:9-49:20
143            android:name="com.razorpay.RzpTokenReceiver"
143-->[com.razorpay:checkout:1.6.36] AndroidManifest.xml:43:13-57
144            android:exported="true" >
144-->[com.razorpay:checkout:1.6.36] AndroidManifest.xml:44:13-36
145            <intent-filter>
145-->[com.razorpay:checkout:1.6.36] AndroidManifest.xml:46:13-48:29
146                <action android:name="rzp.device_token.share" />
146-->[com.razorpay:checkout:1.6.36] AndroidManifest.xml:37:13-61
146-->[com.razorpay:checkout:1.6.36] AndroidManifest.xml:37:21-58
147            </intent-filter>
148        </receiver>
149
150        <meta-data
150-->[com.razorpay:checkout:1.6.36] AndroidManifest.xml:61:9-63:58
151            android:name="com.razorpay.plugin.googlepay_all"
151-->[com.razorpay:checkout:1.6.36] AndroidManifest.xml:62:13-61
152            android:value="com.razorpay.RzpGpayMerged" />
152-->[com.razorpay:checkout:1.6.36] AndroidManifest.xml:63:13-55
153
154        <activity
154-->[com.google.android.gms:play-services-auth:20.7.0] AndroidManifest.xml:23:9-27:75
155            android:name="com.google.android.gms.auth.api.signin.internal.SignInHubActivity"
155-->[com.google.android.gms:play-services-auth:20.7.0] AndroidManifest.xml:24:13-93
156            android:excludeFromRecents="true"
156-->[com.google.android.gms:play-services-auth:20.7.0] AndroidManifest.xml:25:13-46
157            android:exported="false"
157-->[com.google.android.gms:play-services-auth:20.7.0] AndroidManifest.xml:26:13-37
158            android:theme="@android:style/Theme.Translucent.NoTitleBar" />
158-->[com.google.android.gms:play-services-auth:20.7.0] AndroidManifest.xml:27:13-72
159        <!--
160            Service handling Google Sign-In user revocation. For apps that do not integrate with
161            Google Sign-In, this service will never be started.
162        -->
163        <service
163-->[com.google.android.gms:play-services-auth:20.7.0] AndroidManifest.xml:33:9-37:51
164            android:name="com.google.android.gms.auth.api.signin.RevocationBoundService"
164-->[com.google.android.gms:play-services-auth:20.7.0] AndroidManifest.xml:34:13-89
165            android:exported="true"
165-->[com.google.android.gms:play-services-auth:20.7.0] AndroidManifest.xml:35:13-36
166            android:permission="com.google.android.gms.auth.api.signin.permission.REVOCATION_NOTIFICATION"
166-->[com.google.android.gms:play-services-auth:20.7.0] AndroidManifest.xml:36:13-107
167            android:visibleToInstantApps="true" /> <!-- Needs to be explicitly declared on P+ -->
167-->[com.google.android.gms:play-services-auth:20.7.0] AndroidManifest.xml:37:13-48
168        <uses-library
168-->[com.google.android.gms:play-services-maps:17.0.0] AndroidManifest.xml:33:9-35:40
169            android:name="org.apache.http.legacy"
169-->[com.google.android.gms:play-services-maps:17.0.0] AndroidManifest.xml:34:13-50
170            android:required="false" />
170-->[com.google.android.gms:play-services-maps:17.0.0] AndroidManifest.xml:35:13-37
171
172        <activity
172-->[com.google.android.gms:play-services-base:18.0.1] AndroidManifest.xml:20:9-22:45
173            android:name="com.google.android.gms.common.api.GoogleApiActivity"
173-->[com.google.android.gms:play-services-base:18.0.1] AndroidManifest.xml:20:19-85
174            android:exported="false"
174-->[com.google.android.gms:play-services-base:18.0.1] AndroidManifest.xml:22:19-43
175            android:theme="@android:style/Theme.Translucent.NoTitleBar" />
175-->[com.google.android.gms:play-services-base:18.0.1] AndroidManifest.xml:21:19-78
176
177        <provider
177-->[com.google.firebase:firebase-common:20.4.2] AndroidManifest.xml:23:9-28:39
178            android:name="com.google.firebase.provider.FirebaseInitProvider"
178-->[com.google.firebase:firebase-common:20.4.2] AndroidManifest.xml:24:13-77
179            android:authorities="com.dada_biryani.firebaseinitprovider"
179-->[com.google.firebase:firebase-common:20.4.2] AndroidManifest.xml:25:13-72
180            android:directBootAware="true"
180-->[com.google.firebase:firebase-common:20.4.2] AndroidManifest.xml:26:13-43
181            android:exported="false"
181-->[com.google.firebase:firebase-common:20.4.2] AndroidManifest.xml:27:13-37
182            android:initOrder="100" />
182-->[com.google.firebase:firebase-common:20.4.2] AndroidManifest.xml:28:13-36
183
184        <meta-data
184-->[com.google.android.gms:play-services-basement:18.2.0] AndroidManifest.xml:21:9-23:69
185            android:name="com.google.android.gms.version"
185-->[com.google.android.gms:play-services-basement:18.2.0] AndroidManifest.xml:22:13-58
186            android:value="@integer/google_play_services_version" />
186-->[com.google.android.gms:play-services-basement:18.2.0] AndroidManifest.xml:23:13-66
187
188        <provider
188-->[androidx.emoji2:emoji2:1.2.0] AndroidManifest.xml:24:9-32:20
189            android:name="androidx.startup.InitializationProvider"
189-->[androidx.emoji2:emoji2:1.2.0] AndroidManifest.xml:25:13-67
190            android:authorities="com.dada_biryani.androidx-startup"
190-->[androidx.emoji2:emoji2:1.2.0] AndroidManifest.xml:26:13-68
191            android:exported="false" >
191-->[androidx.emoji2:emoji2:1.2.0] AndroidManifest.xml:27:13-37
192            <meta-data
192-->[androidx.emoji2:emoji2:1.2.0] AndroidManifest.xml:29:13-31:52
193                android:name="androidx.emoji2.text.EmojiCompatInitializer"
193-->[androidx.emoji2:emoji2:1.2.0] AndroidManifest.xml:30:17-75
194                android:value="androidx.startup" />
194-->[androidx.emoji2:emoji2:1.2.0] AndroidManifest.xml:31:17-49
195            <meta-data
195-->[androidx.lifecycle:lifecycle-process:2.4.1] AndroidManifest.xml:31:13-33:52
196                android:name="androidx.lifecycle.ProcessLifecycleInitializer"
196-->[androidx.lifecycle:lifecycle-process:2.4.1] AndroidManifest.xml:32:17-78
197                android:value="androidx.startup" />
197-->[androidx.lifecycle:lifecycle-process:2.4.1] AndroidManifest.xml:33:17-49
198        </provider>
199
200        <meta-data
200-->[com.facebook.soloader:soloader:0.10.5] AndroidManifest.xml:12:9-14:37
201            android:name="com.facebook.soloader.enabled"
201-->[com.facebook.soloader:soloader:0.10.5] AndroidManifest.xml:13:13-57
202            android:value="false" />
202-->[com.facebook.soloader:soloader:0.10.5] AndroidManifest.xml:14:13-34
203    </application>
204
205</manifest>